<?xml version="1.0" encoding="UTF-8"?>
<robot generator="Robot 3.2.1 (Python 3.8.5 on win32)" generated="20201017 11:21:25.100" rpa="false">
<suite id="s1" name="SwitchScroll" source="C:\Users\Administrator\robot-practice\AssenceurEtSwitch\TestSuit\SwitchScroll.robot">
<test id="s1-t1" name="CT-001">
<kw name="Open Browser" library="SeleniumLibrary">
<doc>Opens a new browser instance to the optional ``url``.</doc>
<arguments>
<arg>http://www.google.com</arg>
<arg>gc</arg>
</arguments>
<msg timestamp="20201017 11:21:26.709" level="INFO">Opening browser 'gc' to base url 'http://www.google.com'.</msg>
<status status="PASS" starttime="20201017 11:21:26.709" endtime="20201017 11:21:35.332"></status>
</kw>
<kw name="Maximize Browser Window" library="SeleniumLibrary">
<doc>Maximizes current browser window.</doc>
<status status="PASS" starttime="20201017 11:21:35.334" endtime="20201017 11:21:37.490"></status>
</kw>
<kw name="Sleep" library="BuiltIn">
<doc>Pauses the test executed for the given time.</doc>
<arguments>
<arg>5s</arg>
</arguments>
<msg timestamp="20201017 11:21:42.493" level="INFO">Slept 5 seconds</msg>
<status status="PASS" starttime="20201017 11:21:37.491" endtime="20201017 11:21:42.493"></status>
</kw>
<kw name="Open Browser" library="SeleniumLibrary">
<doc>Opens a new browser instance to the optional ``url``.</doc>
<arguments>
<arg>http://bdeb.qc.ca</arg>
<arg>gc</arg>
</arguments>
<msg timestamp="20201017 11:21:42.496" level="INFO">Opening browser 'gc' to base url 'http://bdeb.qc.ca'.</msg>
<status status="PASS" starttime="20201017 11:21:42.495" endtime="20201017 11:21:54.302"></status>
</kw>
<kw name="Switch Browser" library="SeleniumLibrary">
<doc>Switches between active browsers using ``index_or_alias``.</doc>
<arguments>
<arg>1</arg>
</arguments>
<status status="PASS" starttime="20201017 11:21:54.303" endtime="20201017 11:21:54.303"></status>
</kw>
<kw name="Get Location" library="SeleniumLibrary">
<doc>Returns the current browser window URL.</doc>
<assign>
<var>${url}</var>
</assign>
<msg timestamp="20201017 11:21:54.317" level="INFO">${url} = https://www.google.com/?gws_rd=ssl</msg>
<status status="PASS" starttime="20201017 11:21:54.304" endtime="20201017 11:21:54.318"></status>
</kw>
<kw name="Log To Console" library="BuiltIn">
<doc>Logs the given message to the console.</doc>
<arguments>
<arg>${url}</arg>
</arguments>
<status status="PASS" starttime="20201017 11:21:54.318" endtime="20201017 11:21:54.319"></status>
</kw>
<status status="PASS" starttime="20201017 11:21:26.705" endtime="20201017 11:21:54.321" critical="yes"></status>
</test>
<test id="s1-t2" name="CT-002">
<kw name="Open Browser" library="SeleniumLibrary">
<doc>Opens a new browser instance to the optional ``url``.</doc>
<arguments>
<arg>http://www.google.com</arg>
<arg>gc</arg>
</arguments>
<msg timestamp="20201017 11:21:54.325" level="INFO">Opening browser 'gc' to base url 'http://www.google.com'.</msg>
<status status="PASS" starttime="20201017 11:21:54.325" endtime="20201017 11:22:00.851"></status>
</kw>
<kw name="Maximize Browser Window" library="SeleniumLibrary">
<doc>Maximizes current browser window.</doc>
<status status="PASS" starttime="20201017 11:22:00.852" endtime="20201017 11:22:03.463"></status>
</kw>
<kw name="Get Location" library="SeleniumLibrary">
<doc>Returns the current browser window URL.</doc>
<assign>
<var>${url}</var>
</assign>
<msg timestamp="20201017 11:22:03.504" level="INFO">${url} = https://www.google.com/?gws_rd=ssl</msg>
<status status="PASS" starttime="20201017 11:22:03.466" endtime="20201017 11:22:03.504"></status>
</kw>
<kw name="Log To Console" library="BuiltIn">
<doc>Logs the given message to the console.</doc>
<arguments>
<arg>${url}</arg>
</arguments>
<status status="PASS" starttime="20201017 11:22:03.521" endtime="20201017 11:22:03.527"></status>
</kw>
<status status="PASS" starttime="20201017 11:21:54.323" endtime="20201017 11:22:03.528" critical="yes"></status>
</test>
<test id="s1-t3" name="Ct-003">
<kw name="Open Browser" library="SeleniumLibrary">
<doc>Opens a new browser instance to the optional ``url``.</doc>
<arguments>
<arg>https://www.yahoo.com</arg>
<arg>gc</arg>
</arguments>
<msg timestamp="20201017 11:22:03.537" level="INFO">Opening browser 'gc' to base url 'https://www.yahoo.com'.</msg>
<status status="PASS" starttime="20201017 11:22:03.535" endtime="20201017 11:22:12.185"></status>
</kw>
<kw name="Maximize Browser Window" library="SeleniumLibrary">
<doc>Maximizes current browser window.</doc>
<status status="PASS" starttime="20201017 11:22:12.186" endtime="20201017 11:22:16.878"></status>
</kw>
<kw name="Sleep" library="BuiltIn">
<doc>Pauses the test executed for the given time.</doc>
<arguments>
<arg>5s</arg>
</arguments>
<msg timestamp="20201017 11:22:22.144" level="INFO">Slept 5 seconds</msg>
<status status="PASS" starttime="20201017 11:22:17.142" endtime="20201017 11:22:22.144"></status>
</kw>
<kw name="Open Browser" library="SeleniumLibrary">
<doc>Opens a new browser instance to the optional ``url``.</doc>
<arguments>
<arg>https://www.google.ca</arg>
<arg>gc</arg>
</arguments>
<msg timestamp="20201017 11:22:22.148" level="INFO">Opening browser 'gc' to base url 'https://www.google.ca'.</msg>
<status status="PASS" starttime="20201017 11:22:22.147" endtime="20201017 11:22:31.821"></status>
</kw>
<kw name="Maximize Browser Window" library="SeleniumLibrary">
<doc>Maximizes current browser window.</doc>
<status status="PASS" starttime="20201017 11:22:31.839" endtime="20201017 11:22:34.377"></status>
</kw>
<kw name="Switch Browser" library="SeleniumLibrary">
<doc>Switches between active browsers using ``index_or_alias``.</doc>
<arguments>
<arg>1</arg>
</arguments>
<status status="PASS" starttime="20201017 11:22:34.378" endtime="20201017 11:22:34.379"></status>
</kw>
<status status="PASS" starttime="20201017 11:22:03.532" endtime="20201017 11:22:34.380" critical="yes"></status>
</test>
<status status="PASS" starttime="20201017 11:21:25.110" endtime="20201017 11:22:34.390"></status>
</suite>
<statistics>
<total>
<stat pass="3" fail="0">Critical Tests</stat>
<stat pass="3" fail="0">All Tests</stat>
</total>
<tag>
</tag>
<suite>
<stat pass="3" fail="0" id="s1" name="SwitchScroll">SwitchScroll</stat>
</suite>
</statistics>
<errors>
</errors>
</robot>
